python3: can't open file '/mnt/d/OneDrive/Documentos/UFABC/2026.1/Avaliacao_Desempenho_Redes_MESH/experiments_copia/analyze_all.py': [Errno 2] No such file or directory
Analise AODV vs OLSR — Suite escalabilidade
PDR normalizado: 5 STAs x 100 pkts = 500 pkts esperados
Somente flows STA->backhaul UDP (forward) contados

━━━━━━━━━━━━━━━━━━━━━━━━━━━━━━━━━━━━━━━━━━━━━━━━━━━━━━━━━━━━━━
  Topologia: grid-25
━━━━━━━━━━━━━━━━━━━━━━━━━━━━━━━━━━━━━━━━━━━━━━━━━━━━━━━━━━━━━━
  (sem resultados — rode run_all_experiments.sh primeiro)

━━━━━━━━━━━━━━━━━━━━━━━━━━━━━━━━━━━━━━━━━━━━━━━━━━━━━━━━━━━━━━
  Topologia: random-50
━━━━━━━━━━━━━━━━━━━━━━━━━━━━━━━━━━━━━━━━━━━━━━━━━━━━━━━━━━━━━━
  (sem resultados — rode run_all_experiments.sh primeiro)

━━━━━━━━━━━━━━━━━━━━━━━━━━━━━━━━━━━━━━━━━━━━━━━━━━━━━━━━━━━━━━
  Topologia: random-75
━━━━━━━━━━━━━━━━━━━━━━━━━━━━━━━━━━━━━━━━━━━━━━━━━━━━━━━━━━━━━━
  (sem resultados — rode run_all_experiments.sh primeiro)

━━━━━━━━━━━━━━━━━━━━━━━━━━━━━━━━━━━━━━━━━━━━━━━━━━━━━━━━━━━━━━
  Topologia: random-100
━━━━━━━━━━━━━━━━━━━━━━━━━━━━━━━━━━━━━━━━━━━━━━━━━━━━━━━━━━━━━━
  (sem resultados — rode run_all_experiments.sh primeiro)

━━━━━━━━━━━━━━━━━━━━━━━━━━━━━━━━━━━━━━━━━━━━━━━━━━━━━━━━━━━━━━
  Topologia: random-150
━━━━━━━━━━━━━━━━━━━━━━━━━━━━━━━━━━━━━━━━━━━━━━━━━━━━━━━━━━━━━━
  (sem resultados — rode run_all_experiments.sh primeiro)

━━━━━━━━━━━━━━━━━━━━━━━━━━━━━━━━━━━━━━━━━━━━━━━━━━━━━━━━━━━━━━
  Topologia: random-200
━━━━━━━━━━━━━━━━━━━━━━━━━━━━━━━━━━━━━━━━━━━━━━━━━━━━━━━━━━━━━━
  (sem resultados — rode run_all_experiments.sh primeiro)

━━━━━━━━━━━━━━━━━━━━━━━━━━━━━━━━━━━━━━━━━━━━━━━━━━━━━━━━━━━━━━
  Topologia: random-300
━━━━━━━━━━━━━━━━━━━━━━━━━━━━━━━━━━━━━━━━━━━━━━━━━━━━━━━━━━━━━━
  (sem resultados — rode run_all_experiments.sh primeiro)

━━━━━━━━━━━━━━━━━━━━━━━━━━━━━━━━━━━━━━━━━━━━━━━━━━━━━━━━━━━━━━
  Topologia: random-500
━━━━━━━━━━━━━━━━━━━━━━━━━━━━━━━━━━━━━━━━━━━━━━━━━━━━━━━━━━━━━━
  (sem resultados — rode run_all_experiments.sh primeiro)

━━━━━━━━━━━━━━━━━━━━━━━━━━━━━━━━━━━━━━━━━━━━━━━━━━━━━━━━━━━━━━
  Topologia: random-750
━━━━━━━━━━━━━━━━━━━━━━━━━━━━━━━━━━━━━━━━━━━━━━━━━━━━━━━━━━━━━━
  (sem resultados — rode run_all_experiments.sh primeiro)

━━━━━━━━━━━━━━━━━━━━━━━━━━━━━━━━━━━━━━━━━━━━━━━━━━━━━━━━━━━━━━
  Topologia: random-1000
━━━━━━━━━━━━━━━━━━━━━━━━━━━━━━━━━━━━━━━━━━━━━━━━━━━━━━━━━━━━━━
  (sem resultados — rode run_all_experiments.sh primeiro)

Analise AODV vs OLSR — Suite escalabilidade
PDR normalizado: 5 STAs x 100 pkts = 500 pkts esperados
Somente flows STA->backhaul UDP (forward) contados

━━━━━━━━━━━━━━━━━━━━━━━━━━━━━━━━━━━━━━━━━━━━━━━━━━━━━━━━━━━━━━
  Topologia: grid-25
━━━━━━━━━━━━━━━━━━━━━━━━━━━━━━━━━━━━━━━━━━━━━━━━━━━━━━━━━━━━━━
  (sem resultados — rode run_all_experiments.sh primeiro)

━━━━━━━━━━━━━━━━━━━━━━━━━━━━━━━━━━━━━━━━━━━━━━━━━━━━━━━━━━━━━━
  Topologia: random-50
━━━━━━━━━━━━━━━━━━━━━━━━━━━━━━━━━━━━━━━━━━━━━━━━━━━━━━━━━━━━━━
  (sem resultados — rode run_all_experiments.sh primeiro)

━━━━━━━━━━━━━━━━━━━━━━━━━━━━━━━━━━━━━━━━━━━━━━━━━━━━━━━━━━━━━━
  Topologia: random-75
━━━━━━━━━━━━━━━━━━━━━━━━━━━━━━━━━━━━━━━━━━━━━━━━━━━━━━━━━━━━━━
  (sem resultados — rode run_all_experiments.sh primeiro)

━━━━━━━━━━━━━━━━━━━━━━━━━━━━━━━━━━━━━━━━━━━━━━━━━━━━━━━━━━━━━━
  Topologia: random-100
━━━━━━━━━━━━━━━━━━━━━━━━━━━━━━━━━━━━━━━━━━━━━━━━━━━━━━━━━━━━━━
  (sem resultados — rode run_all_experiments.sh primeiro)

━━━━━━━━━━━━━━━━━━━━━━━━━━━━━━━━━━━━━━━━━━━━━━━━━━━━━━━━━━━━━━
  Topologia: random-150
━━━━━━━━━━━━━━━━━━━━━━━━━━━━━━━━━━━━━━━━━━━━━━━━━━━━━━━━━━━━━━
  (sem resultados — rode run_all_experiments.sh primeiro)

━━━━━━━━━━━━━━━━━━━━━━━━━━━━━━━━━━━━━━━━━━━━━━━━━━━━━━━━━━━━━━
  Topologia: random-200
━━━━━━━━━━━━━━━━━━━━━━━━━━━━━━━━━━━━━━━━━━━━━━━━━━━━━━━━━━━━━━
  (sem resultados — rode run_all_experiments.sh primeiro)

━━━━━━━━━━━━━━━━━━━━━━━━━━━━━━━━━━━━━━━━━━━━━━━━━━━━━━━━━━━━━━
  Topologia: random-300
━━━━━━━━━━━━━━━━━━━━━━━━━━━━━━━━━━━━━━━━━━━━━━━━━━━━━━━━━━━━━━
  (sem resultados — rode run_all_experiments.sh primeiro)

━━━━━━━━━━━━━━━━━━━━━━━━━━━━━━━━━━━━━━━━━━━━━━━━━━━━━━━━━━━━━━
  Topologia: random-500
━━━━━━━━━━━━━━━━━━━━━━━━━━━━━━━━━━━━━━━━━━━━━━━━━━━━━━━━━━━━━━
  (sem resultados — rode run_all_experiments.sh primeiro)

━━━━━━━━━━━━━━━━━━━━━━━━━━━━━━━━━━━━━━━━━━━━━━━━━━━━━━━━━━━━━━
  Topologia: random-750
━━━━━━━━━━━━━━━━━━━━━━━━━━━━━━━━━━━━━━━━━━━━━━━━━━━━━━━━━━━━━━
  (sem resultados — rode run_all_experiments.sh primeiro)

━━━━━━━━━━━━━━━━━━━━━━━━━━━━━━━━━━━━━━━━━━━━━━━━━━━━━━━━━━━━━━
  Topologia: random-1000
━━━━━━━━━━━━━━━━━━━━━━━━━━━━━━━━━━━━━━━━━━━━━━━━━━━━━━━━━━━━━━
  (sem resultados — rode run_all_experiments.sh primeiro)

Analise AODV vs OLSR — Suite escalabilidade
PDR normalizado: 5 STAs x 100 pkts = 500 pkts esperados
Somente flows STA->backhaul UDP (forward) contados

━━━━━━━━━━━━━━━━━━━━━━━━━━━━━━━━━━━━━━━━━━━━━━━━━━━━━━━━━━━━━━
  Topologia: grid-25
━━━━━━━━━━━━━━━━━━━━━━━━━━━━━━━━━━━━━━━━━━━━━━━━━━━━━━━━━━━━━━

  Metrica                                 AODV        OLSR
  --------------------------------  ----------  ----------
  PDR (%)                                46.0%       56.8%
  Latencia media E2E (ms)                90.82       57.78
  Jitter medio (ms)                      14.68       28.78
  Taxa de perda (%)                      49.5%       39.0%
  Latencia max, pior caso (ms)         2620.10     4349.58
  Throughput (kbps)                        9.4        11.1
  Hops medios por pacote                  0.02        0.00
  --------------------------------  ----------  ----------
  AODV TX/RX/Lost: 2400 / 1105 / 1189
  OLSR TX/RX/Lost: 2287 / 1300 / 892

━━━━━━━━━━━━━━━━━━━━━━━━━━━━━━━━━━━━━━━━━━━━━━━━━━━━━━━━━━━━━━
  Topologia: random-50
━━━━━━━━━━━━━━━━━━━━━━━━━━━━━━━━━━━━━━━━━━━━━━━━━━━━━━━━━━━━━━

  Metrica                                 AODV        OLSR
  --------------------------------  ----------  ----------
  PDR (%)                                20.0%      100.0%
  Latencia media E2E (ms)                 1.40        1.29
  Jitter medio (ms)                       0.50        0.28
  Taxa de perda (%)                      80.0%        0.0%
  Latencia max, pior caso (ms)           28.45       15.29
  Throughput (kbps)                        6.8         6.8
  Hops medios por pacote                  0.00        0.00
  --------------------------------  ----------  ----------
  AODV TX/RX/Lost: 5000 / 1000 / 4000
  OLSR TX/RX/Lost: 1000 / 1000 / 0

━━━━━━━━━━━━━━━━━━━━━━━━━━━━━━━━━━━━━━━━━━━━━━━━━━━━━━━━━━━━━━
  Topologia: random-75
━━━━━━━━━━━━━━━━━━━━━━━━━━━━━━━━━━━━━━━━━━━━━━━━━━━━━━━━━━━━━━

  Metrica                                 AODV        OLSR
  --------------------------------  ----------  ----------
  PDR (%)                                60.3%       77.1%
  Latencia media E2E (ms)                17.48       10.29
  Jitter medio (ms)                       5.24        4.61
  Taxa de perda (%)                      39.7%       22.9%
  Latencia max, pior caso (ms)         1181.33     1194.27
  Throughput (kbps)                       17.2        16.2
  Hops medios por pacote                  0.00        0.00
  --------------------------------  ----------  ----------
  AODV TX/RX/Lost: 5000 / 3015 / 1985
  OLSR TX/RX/Lost: 3698 / 2852 / 846

━━━━━━━━━━━━━━━━━━━━━━━━━━━━━━━━━━━━━━━━━━━━━━━━━━━━━━━━━━━━━━
  Topologia: random-100
━━━━━━━━━━━━━━━━━━━━━━━━━━━━━━━━━━━━━━━━━━━━━━━━━━━━━━━━━━━━━━
  (sem resultados — rode run_all_experiments.sh primeiro)

━━━━━━━━━━━━━━━━━━━━━━━━━━━━━━━━━━━━━━━━━━━━━━━━━━━━━━━━━━━━━━
  Topologia: random-150
━━━━━━━━━━━━━━━━━━━━━━━━━━━━━━━━━━━━━━━━━━━━━━━━━━━━━━━━━━━━━━
  (sem resultados — rode run_all_experiments.sh primeiro)

━━━━━━━━━━━━━━━━━━━━━━━━━━━━━━━━━━━━━━━━━━━━━━━━━━━━━━━━━━━━━━
  Topologia: random-200
━━━━━━━━━━━━━━━━━━━━━━━━━━━━━━━━━━━━━━━━━━━━━━━━━━━━━━━━━━━━━━
  (sem resultados — rode run_all_experiments.sh primeiro)

━━━━━━━━━━━━━━━━━━━━━━━━━━━━━━━━━━━━━━━━━━━━━━━━━━━━━━━━━━━━━━
  Topologia: random-300
━━━━━━━━━━━━━━━━━━━━━━━━━━━━━━━━━━━━━━━━━━━━━━━━━━━━━━━━━━━━━━
  (sem resultados — rode run_all_experiments.sh primeiro)

━━━━━━━━━━━━━━━━━━━━━━━━━━━━━━━━━━━━━━━━━━━━━━━━━━━━━━━━━━━━━━
  Topologia: random-500
━━━━━━━━━━━━━━━━━━━━━━━━━━━━━━━━━━━━━━━━━━━━━━━━━━━━━━━━━━━━━━
  (sem resultados — rode run_all_experiments.sh primeiro)

━━━━━━━━━━━━━━━━━━━━━━━━━━━━━━━━━━━━━━━━━━━━━━━━━━━━━━━━━━━━━━
  Topologia: random-750
━━━━━━━━━━━━━━━━━━━━━━━━━━━━━━━━━━━━━━━━━━━━━━━━━━━━━━━━━━━━━━
  (sem resultados — rode run_all_experiments.sh primeiro)

━━━━━━━━━━━━━━━━━━━━━━━━━━━━━━━━━━━━━━━━━━━━━━━━━━━━━━━━━━━━━━
  Topologia: random-1000
━━━━━━━━━━━━━━━━━━━━━━━━━━━━━━━━━━━━━━━━━━━━━━━━━━━━━━━━━━━━━━
  (sem resultados — rode run_all_experiments.sh primeiro)

  CSV salvo em: experiments_copia/results.csv

Analise AODV vs OLSR — Suite escalabilidade
PDR normalizado: 5 STAs x 100 pkts = 500 pkts esperados
Somente flows STA->backhaul UDP (forward) contados

━━━━━━━━━━━━━━━━━━━━━━━━━━━━━━━━━━━━━━━━━━━━━━━━━━━━━━━━━━━━━━
  Topologia: grid-25
━━━━━━━━━━━━━━━━━━━━━━━━━━━━━━━━━━━━━━━━━━━━━━━━━━━━━━━━━━━━━━

  Metrica                                 AODV        OLSR
  --------------------------------  ----------  ----------
  PDR (%)                                46.0%       56.8%
  Latencia media E2E (ms)                90.82       57.78
  Jitter medio (ms)                      14.68       28.78
  Taxa de perda (%)                      49.5%       39.0%
  Latencia max, pior caso (ms)         2620.10     4349.58
  Throughput (kbps)                        9.4        11.1
  Hops medios por pacote                  0.02        0.00
  --------------------------------  ----------  ----------
  AODV TX/RX/Lost: 2400 / 1105 / 1189
  OLSR TX/RX/Lost: 2287 / 1300 / 892

━━━━━━━━━━━━━━━━━━━━━━━━━━━━━━━━━━━━━━━━━━━━━━━━━━━━━━━━━━━━━━
  Topologia: random-50
━━━━━━━━━━━━━━━━━━━━━━━━━━━━━━━━━━━━━━━━━━━━━━━━━━━━━━━━━━━━━━

  Metrica                                 AODV        OLSR
  --------------------------------  ----------  ----------
  PDR (%)                                20.0%      100.0%
  Latencia media E2E (ms)                 1.40        1.29
  Jitter medio (ms)                       0.50        0.28
  Taxa de perda (%)                      80.0%        0.0%
  Latencia max, pior caso (ms)           28.45       15.29
  Throughput (kbps)                        6.8         6.8
  Hops medios por pacote                  0.00        0.00
  --------------------------------  ----------  ----------
  AODV TX/RX/Lost: 5000 / 1000 / 4000
  OLSR TX/RX/Lost: 1000 / 1000 / 0

━━━━━━━━━━━━━━━━━━━━━━━━━━━━━━━━━━━━━━━━━━━━━━━━━━━━━━━━━━━━━━
  Topologia: random-75
━━━━━━━━━━━━━━━━━━━━━━━━━━━━━━━━━━━━━━━━━━━━━━━━━━━━━━━━━━━━━━

  Metrica                                 AODV        OLSR
  --------------------------------  ----------  ----------
  PDR (%)                                60.3%       77.1%
  Latencia media E2E (ms)                17.48       10.29
  Jitter medio (ms)                       5.24        4.61
  Taxa de perda (%)                      39.7%       22.9%
  Latencia max, pior caso (ms)         1181.33     1194.27
  Throughput (kbps)                       17.2        16.2
  Hops medios por pacote                  0.00        0.00
  --------------------------------  ----------  ----------
  AODV TX/RX/Lost: 5000 / 3015 / 1985
  OLSR TX/RX/Lost: 3698 / 2852 / 846

━━━━━━━━━━━━━━━━━━━━━━━━━━━━━━━━━━━━━━━━━━━━━━━━━━━━━━━━━━━━━━
  Topologia: random-100
━━━━━━━━━━━━━━━━━━━━━━━━━━━━━━━━━━━━━━━━━━━━━━━━━━━━━━━━━━━━━━

  Metrica                                 AODV        OLSR
  --------------------------------  ----------  ----------
  PDR (%)                                59.8%       98.2%
  Latencia media E2E (ms)                 5.31        2.48
  Jitter medio (ms)                       1.45        1.05
  Taxa de perda (%)                      40.2%        1.8%
  Latencia max, pior caso (ms)          870.08      219.26
  Throughput (kbps)                       15.3        15.1
  Hops medios por pacote                  0.01        0.00
  --------------------------------  ----------  ----------
  AODV TX/RX/Lost: 5000 / 2990 / 2010
  OLSR TX/RX/Lost: 3000 / 2945 / 55

━━━━━━━━━━━━━━━━━━━━━━━━━━━━━━━━━━━━━━━━━━━━━━━━━━━━━━━━━━━━━━
  Topologia: random-150
━━━━━━━━━━━━━━━━━━━━━━━━━━━━━━━━━━━━━━━━━━━━━━━━━━━━━━━━━━━━━━
  (sem resultados — rode run_all_experiments.sh primeiro)

━━━━━━━━━━━━━━━━━━━━━━━━━━━━━━━━━━━━━━━━━━━━━━━━━━━━━━━━━━━━━━
  Topologia: random-200
━━━━━━━━━━━━━━━━━━━━━━━━━━━━━━━━━━━━━━━━━━━━━━━━━━━━━━━━━━━━━━
  (sem resultados — rode run_all_experiments.sh primeiro)

━━━━━━━━━━━━━━━━━━━━━━━━━━━━━━━━━━━━━━━━━━━━━━━━━━━━━━━━━━━━━━
  Topologia: random-300
━━━━━━━━━━━━━━━━━━━━━━━━━━━━━━━━━━━━━━━━━━━━━━━━━━━━━━━━━━━━━━
  (sem resultados — rode run_all_experiments.sh primeiro)

━━━━━━━━━━━━━━━━━━━━━━━━━━━━━━━━━━━━━━━━━━━━━━━━━━━━━━━━━━━━━━
  Topologia: random-500
━━━━━━━━━━━━━━━━━━━━━━━━━━━━━━━━━━━━━━━━━━━━━━━━━━━━━━━━━━━━━━
  (sem resultados — rode run_all_experiments.sh primeiro)

━━━━━━━━━━━━━━━━━━━━━━━━━━━━━━━━━━━━━━━━━━━━━━━━━━━━━━━━━━━━━━
  Topologia: random-750
━━━━━━━━━━━━━━━━━━━━━━━━━━━━━━━━━━━━━━━━━━━━━━━━━━━━━━━━━━━━━━
  (sem resultados — rode run_all_experiments.sh primeiro)

━━━━━━━━━━━━━━━━━━━━━━━━━━━━━━━━━━━━━━━━━━━━━━━━━━━━━━━━━━━━━━
  Topologia: random-1000
━━━━━━━━━━━━━━━━━━━━━━━━━━━━━━━━━━━━━━━━━━━━━━━━━━━━━━━━━━━━━━
  (sem resultados — rode run_all_experiments.sh primeiro)

  CSV salvo em: experiments_copia/results.csv

Analise AODV vs OLSR — Suite escalabilidade
PDR normalizado: 5 STAs x 100 pkts = 500 pkts esperados
Somente flows STA->backhaul UDP (forward) contados

━━━━━━━━━━━━━━━━━━━━━━━━━━━━━━━━━━━━━━━━━━━━━━━━━━━━━━━━━━━━━━
  Topologia: grid-25
━━━━━━━━━━━━━━━━━━━━━━━━━━━━━━━━━━━━━━━━━━━━━━━━━━━━━━━━━━━━━━

  Metrica                                 AODV        OLSR
  --------------------------------  ----------  ----------
  PDR (%)                                46.0%       56.8%
  Latencia media E2E (ms)                90.82       57.78
  Jitter medio (ms)                      14.68       28.78
  Taxa de perda (%)                      49.5%       39.0%
  Latencia max, pior caso (ms)         2620.10     4349.58
  Throughput (kbps)                        9.4        11.1
  Hops medios por pacote                  0.02        0.00
  --------------------------------  ----------  ----------
  AODV TX/RX/Lost: 2400 / 1105 / 1189
  OLSR TX/RX/Lost: 2287 / 1300 / 892

━━━━━━━━━━━━━━━━━━━━━━━━━━━━━━━━━━━━━━━━━━━━━━━━━━━━━━━━━━━━━━
  Topologia: random-50
━━━━━━━━━━━━━━━━━━━━━━━━━━━━━━━━━━━━━━━━━━━━━━━━━━━━━━━━━━━━━━

  Metrica                                 AODV        OLSR
  --------------------------------  ----------  ----------
  PDR (%)                                20.0%      100.0%
  Latencia media E2E (ms)                 1.40        1.29
  Jitter medio (ms)                       0.50        0.28
  Taxa de perda (%)                      80.0%        0.0%
  Latencia max, pior caso (ms)           28.45       15.29
  Throughput (kbps)                        6.8         6.8
  Hops medios por pacote                  0.00        0.00
  --------------------------------  ----------  ----------
  AODV TX/RX/Lost: 5000 / 1000 / 4000
  OLSR TX/RX/Lost: 1000 / 1000 / 0

━━━━━━━━━━━━━━━━━━━━━━━━━━━━━━━━━━━━━━━━━━━━━━━━━━━━━━━━━━━━━━
  Topologia: random-75
━━━━━━━━━━━━━━━━━━━━━━━━━━━━━━━━━━━━━━━━━━━━━━━━━━━━━━━━━━━━━━

  Metrica                                 AODV        OLSR
  --------------------------------  ----------  ----------
  PDR (%)                                60.3%       77.1%
  Latencia media E2E (ms)                17.48       10.29
  Jitter medio (ms)                       5.24        4.61
  Taxa de perda (%)                      39.7%       22.9%
  Latencia max, pior caso (ms)         1181.33     1194.27
  Throughput (kbps)                       17.2        16.2
  Hops medios por pacote                  0.00        0.00
  --------------------------------  ----------  ----------
  AODV TX/RX/Lost: 5000 / 3015 / 1985
  OLSR TX/RX/Lost: 3698 / 2852 / 846

━━━━━━━━━━━━━━━━━━━━━━━━━━━━━━━━━━━━━━━━━━━━━━━━━━━━━━━━━━━━━━
  Topologia: random-100
━━━━━━━━━━━━━━━━━━━━━━━━━━━━━━━━━━━━━━━━━━━━━━━━━━━━━━━━━━━━━━

  Metrica                                 AODV        OLSR
  --------------------------------  ----------  ----------
  PDR (%)                                59.8%       98.2%
  Latencia media E2E (ms)                 5.31        2.48
  Jitter medio (ms)                       1.45        1.05
  Taxa de perda (%)                      40.2%        1.8%
  Latencia max, pior caso (ms)          870.08      219.26
  Throughput (kbps)                       15.3        15.1
  Hops medios por pacote                  0.01        0.00
  --------------------------------  ----------  ----------
  AODV TX/RX/Lost: 5000 / 2990 / 2010
  OLSR TX/RX/Lost: 3000 / 2945 / 55

━━━━━━━━━━━━━━━━━━━━━━━━━━━━━━━━━━━━━━━━━━━━━━━━━━━━━━━━━━━━━━
  Topologia: random-150
━━━━━━━━━━━━━━━━━━━━━━━━━━━━━━━━━━━━━━━━━━━━━━━━━━━━━━━━━━━━━━

  Metrica                                 AODV        OLSR
  --------------------------------  ----------  ----------
  PDR (%)                                74.3%       82.8%
  Latencia media E2E (ms)                 4.86        2.27
  Jitter medio (ms)                       1.66        0.94
  Taxa de perda (%)                      25.7%       17.2%
  Latencia max, pior caso (ms)          836.94      215.12
  Throughput (kbps)                       17.3        15.4
  Hops medios por pacote                  0.00        0.00
  --------------------------------  ----------  ----------
  AODV TX/RX/Lost: 5000 / 3714 / 1286
  OLSR TX/RX/Lost: 4000 / 3311 / 689

━━━━━━━━━━━━━━━━━━━━━━━━━━━━━━━━━━━━━━━━━━━━━━━━━━━━━━━━━━━━━━
  Topologia: random-200
━━━━━━━━━━━━━━━━━━━━━━━━━━━━━━━━━━━━━━━━━━━━━━━━━━━━━━━━━━━━━━
  (sem resultados — rode run_all_experiments.sh primeiro)

━━━━━━━━━━━━━━━━━━━━━━━━━━━━━━━━━━━━━━━━━━━━━━━━━━━━━━━━━━━━━━
  Topologia: random-300
━━━━━━━━━━━━━━━━━━━━━━━━━━━━━━━━━━━━━━━━━━━━━━━━━━━━━━━━━━━━━━
  (sem resultados — rode run_all_experiments.sh primeiro)

━━━━━━━━━━━━━━━━━━━━━━━━━━━━━━━━━━━━━━━━━━━━━━━━━━━━━━━━━━━━━━
  Topologia: random-500
━━━━━━━━━━━━━━━━━━━━━━━━━━━━━━━━━━━━━━━━━━━━━━━━━━━━━━━━━━━━━━
  (sem resultados — rode run_all_experiments.sh primeiro)

━━━━━━━━━━━━━━━━━━━━━━━━━━━━━━━━━━━━━━━━━━━━━━━━━━━━━━━━━━━━━━
  Topologia: random-750
━━━━━━━━━━━━━━━━━━━━━━━━━━━━━━━━━━━━━━━━━━━━━━━━━━━━━━━━━━━━━━
  (sem resultados — rode run_all_experiments.sh primeiro)

━━━━━━━━━━━━━━━━━━━━━━━━━━━━━━━━━━━━━━━━━━━━━━━━━━━━━━━━━━━━━━
  Topologia: random-1000
━━━━━━━━━━━━━━━━━━━━━━━━━━━━━━━━━━━━━━━━━━━━━━━━━━━━━━━━━━━━━━
  (sem resultados — rode run_all_experiments.sh primeiro)

  CSV salvo em: experiments_copia/results.csv

Analise AODV vs OLSR — Suite escalabilidade
PDR normalizado: 5 STAs x 100 pkts = 500 pkts esperados
Somente flows STA->backhaul UDP (forward) contados

━━━━━━━━━━━━━━━━━━━━━━━━━━━━━━━━━━━━━━━━━━━━━━━━━━━━━━━━━━━━━━
  Topologia: grid-25
━━━━━━━━━━━━━━━━━━━━━━━━━━━━━━━━━━━━━━━━━━━━━━━━━━━━━━━━━━━━━━

  Metrica                                 AODV        OLSR
  --------------------------------  ----------  ----------
  PDR (%)                                46.0%       56.8%
  Latencia media E2E (ms)                90.82       57.78
  Jitter medio (ms)                      14.68       28.78
  Taxa de perda (%)                      49.5%       39.0%
  Latencia max, pior caso (ms)         2620.10     4349.58
  Throughput (kbps)                        9.4        11.1
  Hops medios por pacote                  0.02        0.00
  --------------------------------  ----------  ----------
  AODV TX/RX/Lost: 2400 / 1105 / 1189
  OLSR TX/RX/Lost: 2287 / 1300 / 892

━━━━━━━━━━━━━━━━━━━━━━━━━━━━━━━━━━━━━━━━━━━━━━━━━━━━━━━━━━━━━━
  Topologia: random-50
━━━━━━━━━━━━━━━━━━━━━━━━━━━━━━━━━━━━━━━━━━━━━━━━━━━━━━━━━━━━━━

  Metrica                                 AODV        OLSR
  --------------------------------  ----------  ----------
  PDR (%)                                20.0%      100.0%
  Latencia media E2E (ms)                 1.40        1.29
  Jitter medio (ms)                       0.50        0.28
  Taxa de perda (%)                      80.0%        0.0%
  Latencia max, pior caso (ms)           28.45       15.29
  Throughput (kbps)                        6.8         6.8
  Hops medios por pacote                  0.00        0.00
  --------------------------------  ----------  ----------
  AODV TX/RX/Lost: 5000 / 1000 / 4000
  OLSR TX/RX/Lost: 1000 / 1000 / 0

━━━━━━━━━━━━━━━━━━━━━━━━━━━━━━━━━━━━━━━━━━━━━━━━━━━━━━━━━━━━━━
  Topologia: random-75
━━━━━━━━━━━━━━━━━━━━━━━━━━━━━━━━━━━━━━━━━━━━━━━━━━━━━━━━━━━━━━

  Metrica                                 AODV        OLSR
  --------------------------------  ----------  ----------
  PDR (%)                                60.3%       77.1%
  Latencia media E2E (ms)                17.48       10.29
  Jitter medio (ms)                       5.24        4.61
  Taxa de perda (%)                      39.7%       22.9%
  Latencia max, pior caso (ms)         1181.33     1194.27
  Throughput (kbps)                       17.2        16.2
  Hops medios por pacote                  0.00        0.00
  --------------------------------  ----------  ----------
  AODV TX/RX/Lost: 5000 / 3015 / 1985
  OLSR TX/RX/Lost: 3698 / 2852 / 846

━━━━━━━━━━━━━━━━━━━━━━━━━━━━━━━━━━━━━━━━━━━━━━━━━━━━━━━━━━━━━━
  Topologia: random-100
━━━━━━━━━━━━━━━━━━━━━━━━━━━━━━━━━━━━━━━━━━━━━━━━━━━━━━━━━━━━━━

  Metrica                                 AODV        OLSR
  --------------------------------  ----------  ----------
  PDR (%)                                59.8%       98.2%
  Latencia media E2E (ms)                 5.31        2.48
  Jitter medio (ms)                       1.45        1.05
  Taxa de perda (%)                      40.2%        1.8%
  Latencia max, pior caso (ms)          870.08      219.26
  Throughput (kbps)                       15.3        15.1
  Hops medios por pacote                  0.01        0.00
  --------------------------------  ----------  ----------
  AODV TX/RX/Lost: 5000 / 2990 / 2010
  OLSR TX/RX/Lost: 3000 / 2945 / 55

━━━━━━━━━━━━━━━━━━━━━━━━━━━━━━━━━━━━━━━━━━━━━━━━━━━━━━━━━━━━━━
  Topologia: random-150
━━━━━━━━━━━━━━━━━━━━━━━━━━━━━━━━━━━━━━━━━━━━━━━━━━━━━━━━━━━━━━

  Metrica                                 AODV        OLSR
  --------------------------------  ----------  ----------
  PDR (%)                                74.3%       82.8%
  Latencia media E2E (ms)                 4.86        2.27
  Jitter medio (ms)                       1.66        0.94
  Taxa de perda (%)                      25.7%       17.2%
  Latencia max, pior caso (ms)          836.94      215.12
  Throughput (kbps)                       17.3        15.4
  Hops medios por pacote                  0.00        0.00
  --------------------------------  ----------  ----------
  AODV TX/RX/Lost: 5000 / 3714 / 1286
  OLSR TX/RX/Lost: 4000 / 3311 / 689

━━━━━━━━━━━━━━━━━━━━━━━━━━━━━━━━━━━━━━━━━━━━━━━━━━━━━━━━━━━━━━
  Topologia: random-200
━━━━━━━━━━━━━━━━━━━━━━━━━━━━━━━━━━━━━━━━━━━━━━━━━━━━━━━━━━━━━━

  Metrica                                 AODV        OLSR
  --------------------------------  ----------  ----------
  PDR (%)                                86.5%       58.8%
  Latencia media E2E (ms)                96.43       49.61
  Jitter medio (ms)                       8.78        7.19
  Taxa de perda (%)                      13.5%       41.2%
  Latencia max, pior caso (ms)         3197.86     2031.10
  Throughput (kbps)                       18.4        12.5
  Hops medios por pacote                  0.03        0.00
  --------------------------------  ----------  ----------
  AODV TX/RX/Lost: 5000 / 4323 / 677
  OLSR TX/RX/Lost: 5000 / 2938 / 2062

━━━━━━━━━━━━━━━━━━━━━━━━━━━━━━━━━━━━━━━━━━━━━━━━━━━━━━━━━━━━━━
  Topologia: random-300
━━━━━━━━━━━━━━━━━━━━━━━━━━━━━━━━━━━━━━━━━━━━━━━━━━━━━━━━━━━━━━
  (sem resultados — rode run_all_experiments.sh primeiro)

━━━━━━━━━━━━━━━━━━━━━━━━━━━━━━━━━━━━━━━━━━━━━━━━━━━━━━━━━━━━━━
  Topologia: random-500
━━━━━━━━━━━━━━━━━━━━━━━━━━━━━━━━━━━━━━━━━━━━━━━━━━━━━━━━━━━━━━
  (sem resultados — rode run_all_experiments.sh primeiro)

━━━━━━━━━━━━━━━━━━━━━━━━━━━━━━━━━━━━━━━━━━━━━━━━━━━━━━━━━━━━━━
  Topologia: random-750
━━━━━━━━━━━━━━━━━━━━━━━━━━━━━━━━━━━━━━━━━━━━━━━━━━━━━━━━━━━━━━
  (sem resultados — rode run_all_experiments.sh primeiro)

━━━━━━━━━━━━━━━━━━━━━━━━━━━━━━━━━━━━━━━━━━━━━━━━━━━━━━━━━━━━━━
  Topologia: random-1000
━━━━━━━━━━━━━━━━━━━━━━━━━━━━━━━━━━━━━━━━━━━━━━━━━━━━━━━━━━━━━━
  (sem resultados — rode run_all_experiments.sh primeiro)

  CSV salvo em: experiments_copia/results.csv

Analise AODV vs OLSR — Suite escalabilidade
PDR normalizado: 5 STAs x 100 pkts = 500 pkts esperados
Somente flows STA->backhaul UDP (forward) contados

━━━━━━━━━━━━━━━━━━━━━━━━━━━━━━━━━━━━━━━━━━━━━━━━━━━━━━━━━━━━━━
  Topologia: grid-25
━━━━━━━━━━━━━━━━━━━━━━━━━━━━━━━━━━━━━━━━━━━━━━━━━━━━━━━━━━━━━━

  Metrica                                 AODV        OLSR
  --------------------------------  ----------  ----------
  PDR (%)                                46.0%       56.8%
  Latencia media E2E (ms)                90.82       57.78
  Jitter medio (ms)                      14.68       28.78
  Taxa de perda (%)                      49.5%       39.0%
  Latencia max, pior caso (ms)         2620.10     4349.58
  Throughput (kbps)                        9.4        11.1
  Hops medios por pacote                  0.02        0.00
  --------------------------------  ----------  ----------
  AODV TX/RX/Lost: 2400 / 1105 / 1189
  OLSR TX/RX/Lost: 2287 / 1300 / 892

━━━━━━━━━━━━━━━━━━━━━━━━━━━━━━━━━━━━━━━━━━━━━━━━━━━━━━━━━━━━━━
  Topologia: random-50
━━━━━━━━━━━━━━━━━━━━━━━━━━━━━━━━━━━━━━━━━━━━━━━━━━━━━━━━━━━━━━

  Metrica                                 AODV        OLSR
  --------------------------------  ----------  ----------
  PDR (%)                                20.0%      100.0%
  Latencia media E2E (ms)                 1.40        1.29
  Jitter medio (ms)                       0.50        0.28
  Taxa de perda (%)                      80.0%        0.0%
  Latencia max, pior caso (ms)           28.45       15.29
  Throughput (kbps)                        6.8         6.8
  Hops medios por pacote                  0.00        0.00
  --------------------------------  ----------  ----------
  AODV TX/RX/Lost: 5000 / 1000 / 4000
  OLSR TX/RX/Lost: 1000 / 1000 / 0

━━━━━━━━━━━━━━━━━━━━━━━━━━━━━━━━━━━━━━━━━━━━━━━━━━━━━━━━━━━━━━
  Topologia: random-75
━━━━━━━━━━━━━━━━━━━━━━━━━━━━━━━━━━━━━━━━━━━━━━━━━━━━━━━━━━━━━━

  Metrica                                 AODV        OLSR
  --------------------------------  ----------  ----------
  PDR (%)                                60.3%       77.1%
  Latencia media E2E (ms)                17.48       10.29
  Jitter medio (ms)                       5.24        4.61
  Taxa de perda (%)                      39.7%       22.9%
  Latencia max, pior caso (ms)         1181.33     1194.27
  Throughput (kbps)                       17.2        16.2
  Hops medios por pacote                  0.00        0.00
  --------------------------------  ----------  ----------
  AODV TX/RX/Lost: 5000 / 3015 / 1985
  OLSR TX/RX/Lost: 3698 / 2852 / 846

━━━━━━━━━━━━━━━━━━━━━━━━━━━━━━━━━━━━━━━━━━━━━━━━━━━━━━━━━━━━━━
  Topologia: random-100
━━━━━━━━━━━━━━━━━━━━━━━━━━━━━━━━━━━━━━━━━━━━━━━━━━━━━━━━━━━━━━

  Metrica                                 AODV        OLSR
  --------------------------------  ----------  ----------
  PDR (%)                                59.8%       98.2%
  Latencia media E2E (ms)                 5.31        2.48
  Jitter medio (ms)                       1.45        1.05
  Taxa de perda (%)                      40.2%        1.8%
  Latencia max, pior caso (ms)          870.08      219.26
  Throughput (kbps)                       15.3        15.1
  Hops medios por pacote                  0.01        0.00
  --------------------------------  ----------  ----------
  AODV TX/RX/Lost: 5000 / 2990 / 2010
  OLSR TX/RX/Lost: 3000 / 2945 / 55

━━━━━━━━━━━━━━━━━━━━━━━━━━━━━━━━━━━━━━━━━━━━━━━━━━━━━━━━━━━━━━
  Topologia: random-150
━━━━━━━━━━━━━━━━━━━━━━━━━━━━━━━━━━━━━━━━━━━━━━━━━━━━━━━━━━━━━━

  Metrica                                 AODV        OLSR
  --------------------------------  ----------  ----------
  PDR (%)                                74.3%       82.8%
  Latencia media E2E (ms)                 4.86        2.27
  Jitter medio (ms)                       1.66        0.94
  Taxa de perda (%)                      25.7%       17.2%
  Latencia max, pior caso (ms)          836.94      215.12
  Throughput (kbps)                       17.3        15.4
  Hops medios por pacote                  0.00        0.00
  --------------------------------  ----------  ----------
  AODV TX/RX/Lost: 5000 / 3714 / 1286
  OLSR TX/RX/Lost: 4000 / 3311 / 689

━━━━━━━━━━━━━━━━━━━━━━━━━━━━━━━━━━━━━━━━━━━━━━━━━━━━━━━━━━━━━━
  Topologia: random-200
━━━━━━━━━━━━━━━━━━━━━━━━━━━━━━━━━━━━━━━━━━━━━━━━━━━━━━━━━━━━━━

  Metrica                                 AODV        OLSR
  --------------------------------  ----------  ----------
  PDR (%)                                86.5%       58.8%
  Latencia media E2E (ms)                96.43       49.61
  Jitter medio (ms)                       8.78        7.19
  Taxa de perda (%)                      13.5%       41.2%
  Latencia max, pior caso (ms)         3197.86     2031.10
  Throughput (kbps)                       18.4        12.5
  Hops medios por pacote                  0.03        0.00
  --------------------------------  ----------  ----------
  AODV TX/RX/Lost: 5000 / 4323 / 677
  OLSR TX/RX/Lost: 5000 / 2938 / 2062

━━━━━━━━━━━━━━━━━━━━━━━━━━━━━━━━━━━━━━━━━━━━━━━━━━━━━━━━━━━━━━
  Topologia: random-300
━━━━━━━━━━━━━━━━━━━━━━━━━━━━━━━━━━━━━━━━━━━━━━━━━━━━━━━━━━━━━━

  Metrica                                 AODV        OLSR
  --------------------------------  ----------  ----------
  PDR (%)                                51.0%       85.6%
  Latencia media E2E (ms)                59.46       24.54
  Jitter medio (ms)                       4.25        5.69
  Taxa de perda (%)                      49.0%       14.4%
  Latencia max, pior caso (ms)         3196.52     2238.42
  Throughput (kbps)                        9.7        12.7
  Hops medios por pacote                  0.03        0.00
  --------------------------------  ----------  ----------
  AODV TX/RX/Lost: 5000 / 2551 / 2449
  OLSR TX/RX/Lost: 3906 / 3344 / 562

━━━━━━━━━━━━━━━━━━━━━━━━━━━━━━━━━━━━━━━━━━━━━━━━━━━━━━━━━━━━━━
  Topologia: random-500
━━━━━━━━━━━━━━━━━━━━━━━━━━━━━━━━━━━━━━━━━━━━━━━━━━━━━━━━━━━━━━
  (sem resultados — rode run_all_experiments.sh primeiro)

━━━━━━━━━━━━━━━━━━━━━━━━━━━━━━━━━━━━━━━━━━━━━━━━━━━━━━━━━━━━━━
  Topologia: random-750
━━━━━━━━━━━━━━━━━━━━━━━━━━━━━━━━━━━━━━━━━━━━━━━━━━━━━━━━━━━━━━
  (sem resultados — rode run_all_experiments.sh primeiro)

━━━━━━━━━━━━━━━━━━━━━━━━━━━━━━━━━━━━━━━━━━━━━━━━━━━━━━━━━━━━━━
  Topologia: random-1000
━━━━━━━━━━━━━━━━━━━━━━━━━━━━━━━━━━━━━━━━━━━━━━━━━━━━━━━━━━━━━━
  (sem resultados — rode run_all_experiments.sh primeiro)

  CSV salvo em: experiments_copia/results.csv

